<?xml version="1.0" encoding="UTF-8"?>
<!-- Generated by org.testng.reporters.JUnitReportReporter -->
<testsuite hostname="LAPTOP-E1NRTU5J" failures="0" tests="1" name="testCases.TC_002_LoginTest" time="1.513" errors="0" timestamp="2023-12-04T12:03:28 CST" skipped="0">
  <testcase classname="testCases.TC_002_LoginTest" name="verify_Login" time="1.513"/>
</testsuite> <!-- testCases.TC_002_LoginTest -->
