<?xml version="1.0" encoding="UTF-8"?>
<!-- Generated by org.testng.reporters.JUnitReportReporter -->
<testsuite hostname="LAPTOP-E1NRTU5J" failures="0" tests="5" name="testCases.TC_003_LoginDDT" time="41.558" errors="0" timestamp="2023-11-30T15:01:33 CST" skipped="0">
  <testcase classname="testCases.TC_003_LoginDDT" name="verify_Login_DDT" time="12.353"/>
  <testcase classname="testCases.TC_003_LoginDDT" name="verify_Login_DDT" time="3.039"/>
  <testcase classname="testCases.TC_003_LoginDDT" name="verify_Login_DDT" time="2.955"/>
  <testcase classname="testCases.TC_003_LoginDDT" name="verify_Login_DDT" time="11.483"/>
  <testcase classname="testCases.TC_003_LoginDDT" name="verify_Login_DDT" time="11.728"/>
</testsuite> <!-- testCases.TC_003_LoginDDT -->
