<?xml version="1.0" encoding="UTF-8"?>
<!-- Generated by org.testng.reporters.JUnitReportReporter -->
<testsuite hostname="LAPTOP-E1NRTU5J" failures="0" tests="1" name="testCases.TC_001_AccountRegistrationTest" time="2.366" errors="0" timestamp="2023-12-05T11:51:03 CST" skipped="0">
  <testcase classname="testCases.TC_001_AccountRegistrationTest" name="verify_Account_Registration" time="2.366"/>
</testsuite> <!-- testCases.TC_001_AccountRegistrationTest -->
